<?xml version="1.0" encoding="UTF-8"?>
<testsuite xmlns:xsi="http://www.w3.org/2001/XMLSchema-instance" xsi:noNamespaceSchemaLocation="https://maven.apache.org/surefire/maven-surefire-plugin/xsd/surefire-test-report-3.0.xsd" version="3.0" name="com.framework.runner.TestRunner" time="2.391" tests="1" errors="0" skipped="0" failures="0">
  <properties>
[...]
</properties>
  <testcase name="runScenario[&quot;Validate GET user API&quot;, &quot;Sample API validation&quot;](1)" classname="com.framework.runner.TestRunner" time="1.81">
    <system-out><![CDATA[
Scenario: Validate GET user API                                      # src/test/resources/features/APITask2.feature:4
  Given user hits GET api                                            # com.framework.steps.APITask2_Steps.user_hits_get_api()
  Then status code should be 200                                     # com.framework.steps.APITask2_Steps.status_code_should_be(java.lang.Integer)
  Then Validate the response body contains name as "Sachi Rautroy"   # com.framework.steps.APITask2_Steps.validate_the_response_body_contains_name_as(java.lang.String)
  And Validate alternate_names contains "Yugashrashta Sachi Routray" # com.framework.steps.APITask2_Steps.validate_alternate_names_contains(java.lang.String)
]]></system-out>
    <system-err><![CDATA[SLF4J: Failed to load class "org.slf4j.impl.StaticLoggerBinder".
SLF4J: Defaulting to no-operation (NOP) logger implementation
SLF4J: See http://www.slf4j.org/codes.html#StaticLoggerBinder for further details.
]]></system-err>
  </testcase>
</testsuite>