<?xml version="1.0" encoding="UTF-8"?>
<testng-results ignored="0" total="1" passed="1" failed="0" skipped="0">
  <reporter-output>
  </reporter-output>
  <suite started-at="2026-02-15T14:04:01 AEDT" name="Surefire suite" finished-at="2026-02-15T14:04:04 AEDT" duration-ms="2135">
    <groups>
      <group name="cucumber">
        <method signature="AbstractTestNGCucumberTests.runScenario(io.cucumber.testng.PickleWrapper,io.cucumber.testng.FeatureWrapper)[pri:0, instance:com.framework.runner.TestRunner@4c6e276e]" name="runScenario" class="io.cucumber.testng.AbstractTestNGCucumberTests"/>
      </group> <!-- cucumber -->
    </groups>
    <test started-at="2026-02-15T14:04:01 AEDT" name="Surefire test" finished-at="2026-02-15T14:04:04 AEDT" duration-ms="2135">
      <class name="com.framework.runner.TestRunner">
        <test-method is-config="true" signature="setUpClass(org.testng.ITestContext)[pri:0, instance:com.framework.runner.TestRunner@4c6e276e]" started-at="2026-02-15T14:04:01 AEDT" name="setUpClass" finished-at="2026-02-15T14:04:02 AEDT" duration-ms="274" status="PASS">
          <params>
            <param index="0">
              <value>
                <![CDATA[org.testng.TestRunner@7ddcb0dc]]>
              </value>
            </param>
          </params>
          <reporter-output>
          </reporter-output>
        </test-method> <!-- setUpClass -->
        <test-method signature="runScenario(io.cucumber.testng.PickleWrapper,io.cucumber.testng.FeatureWrapper)[pri:0, instance:com.framework.runner.TestRunner@4c6e276e]" started-at="2026-02-15T14:04:02 AEDT" name="runScenario" description="Runs Cucumber Scenarios" data-provider="scenarios" finished-at="2026-02-15T14:04:04 AEDT" duration-ms="1810" status="PASS">
          <params>
            <param index="0">
              <value>
                <![CDATA["Validate GET user API"]]>
              </value>
            </param>
            <param index="1">
              <value>
                <![CDATA["Sample API validation"]]>
              </value>
            </param>
          </params>
          <reporter-output>
          </reporter-output>
        </test-method> <!-- runScenario -->
        <test-method is-config="true" signature="tearDownClass()[pri:0, instance:com.framework.runner.TestRunner@4c6e276e]" started-at="2026-02-15T14:04:04 AEDT" name="tearDownClass" finished-at="2026-02-15T14:04:04 AEDT" duration-ms="32" status="PASS">
          <reporter-output>
          </reporter-output>
        </test-method> <!-- tearDownClass -->
      </class> <!-- com.framework.runner.TestRunner -->
    </test> <!-- Surefire test -->
  </suite> <!-- Surefire suite -->
</testng-results>
